
Parameters:
  * All SNP-MP pairs' statistics are reported
  * Seed = 1411655391
  * Cis-window = 1000000
  * Association testing using linear regression

Reading phenotype data in [phenotypes.bed.gz]
  * region = 22:17000000-18000000
  * 373 samples included
  * 5 phenotypes included

Reading genotype data in [genotypes.vcf.gz] in VCF format
  * region = 22:16000000-19000000
  * 373 samples included
  * 9701 sites included

Imputing missing genotypes

Imputing missing phenotypes

Computing SD for genotypes

Computing SD for phenotypes

Normalising phenotypes

Normalising genotypes

Nominal pass, no permutation and report all p-values
  * W = [1000000]
  * O = [results.txt.gz]
  * 41407 tested pairs
  * 41407 association tests performed

Running time: 2 seconds
